<?xml version="1.0" encoding="UTF-8"?>
<beans xmlns="http://www.springframework.org/schema/beans"
       xmlns:xsi="http://www.w3.org/2001/XMLSchema-instance"
       xmlns:context="http://www.springframework.org/schema/context"
       xmlns:tx="http://www.springframework.org/schema/tx"
              xmlns:aop="http://www.springframework.org/schema/aop"
       xsi:schemaLocation="http://www.springframework.org/schema/beans
                           http://www.springframework.org/schema/beans/spring-beans.xsd
                           http://www.springframework.org/schema/mvc
                           http://www.springframework.org/schema/mvc/spring-mvc.xsd
                           http://www.springframework.org/schema/tx 
                           http://www.springframework.org/schema/tx/spring-tx-3.0.xsd
                           http://www.springframework.org/schema/context
                           http://www.springframework.org/schema/context/spring-context.xsd
       http://www.springframework.org/schema/aop http://www.springframework.org/schema/aop/spring-aop-3.2.xsd"> 

    <!-- Bean definitions go here -->
    <tx:annotation-driven />  
    <context:component-scan base-package="com.sg.creativity.suite" />
    <bean id="dataSource"
          class="org.apache.commons.dbcp2.BasicDataSource">
          <property name="driverClassName" value="com.mysql.jdbc.Driver"/>
          <property name = "url" value ="jdbc:mysql://localhost:3306/Creativity_Suite-test"/>
          <property name="username" value="root" />
          <property name="password" value="root" />
          <property name="initialSize" value="5" />
          <property name="maxTotal" value="10" />
    </bean>
    
    <bean id = "transactionManager" class="org.springframework.jdbc.datasource.DataSourceTransactionManager">
        <property name="dataSource" ref="dataSource" />
    </bean>
    
    <bean id="jdbcTemplate" class="org.springframework.jdbc.core.JdbcTemplate">
        <property name="dataSource" ref="dataSource"/>
    </bean>
    
    <bean id="ideaDao"
          class="com.sg.creativity.suite.dao.IdeaDaoImpl">
          <property name="jdbcTemplate" ref="jdbcTemplate"/>    
    </bean>
    
    <bean id="conceptDao"
          class="com.sg.creativity.suite.dao.ConceptDaoImpl">
          <property name="jdbcTemplate" ref="jdbcTemplate"/>    
    </bean>
    
    <bean id="valueDao"
          class="com.sg.creativity.suite.dao.ValueDaoImpl">
          <property name="jdbcTemplate" ref="jdbcTemplate"/>    
    </bean>
    
    <bean id="problemDao"
          class="com.sg.creativity.suite.dao.ProblemDaoImpl">
          <property name="jdbcTemplate" ref="jdbcTemplate"/>    
    </bean>
    
    <bean id="sessionDao"
          class="com.sg.creativity.suite.dao.SessionDaoImpl">
          <property name="jdbcTemplate" ref="jdbcTemplate"/>    
    </bean>
    
    <bean id="idea_ConceptDaoImpl"
          class="com.sg.creativity.suite.dao.Idea_ConceptDaoImpl">
          <property name="jdbcTemplate" ref="jdbcTemplate"/>
    </bean>

    <bean id="idea_ProblemDaoImpl"
          class="com.sg.creativity.suite.dao.Idea_ProblemDaoImpl">
          <property name="jdbcTemplate" ref="jdbcTemplate"/>
    </bean>

    <bean id = "daoTestHelper" class="com.sg.creativity.suite.dao.DaoTestHelper"/>

    <bean id="idea_ValueDao"
          class="com.sg.creativity.suite.dao.Idea_ValueDaoImpl">
          <property name="jdbcTemplate" ref="jdbcTemplate"/>
    </bean>
    
    <bean id="session_ProblemDao"
          class="com.sg.creativity.suite.dao.Session_ProblemDaoImpl">
          <property name="jdbcTemplate" ref="jdbcTemplate"/>
    </bean>
    
    <!-- leave at bottom -->
    <bean id="multipartResolver" class="org.springframework.web.multipart.support.StandardServletMultipartResolver"></bean>
</beans>
